No.1 
09-19 17:31	东方国信拟3.6亿元收购医疗信息行业公司
---> http://ggjd.cnstock.com/company/scp_ggjd/tjd_ggkx/201609/3902820.htm 

No.2 
09-19 17:15	福成股份实控人之一李福成披露减持计划
---> http://ggjd.cnstock.com/company/scp_ggjd/tjd_ggkx/201609/3902815.htm 

No.3 
09-19 17:07	新元科技终止筹划重大资产重组 20日复牌
---> http://ggjd.cnstock.com/company/scp_ggjd/tjd_ggkx/201609/3902810.htm 

No.4 
09-19 16:57	设计股份拟申请更名为“中设集团”
---> http://ggjd.cnstock.com/company/scp_ggjd/tjd_ggkx/201609/3902803.htm 

No.5 
09-19 16:46	宝钢包装停牌系拟筹划重大事项
---> http://ggjd.cnstock.com/company/scp_ggjd/tjd_ggkx/201609/3902801.htm 

No.6 
09-19 16:38	台基股份20日复牌 拟8亿元收购影视公司
---> http://ggjd.cnstock.com/company/scp_ggjd/tjd_ggkx/201609/3902798.htm 

No.7 
09-19 16:29	宝钢股份：宝钢集团拟无偿划转公司4.9%股份
---> http://ggjd.cnstock.com/company/scp_ggjd/tjd_ggkx/201609/3902788.htm 

No.8 
09-19 16:25	步森股份股东步森集团减持1.5%公司股份
---> http://ggjd.cnstock.com/company/scp_ggjd/tjd_ggkx/201609/3902786.htm 

No.9 
09-19 16:22	国投安信停牌系控股股东拟筹划重大事项
---> http://ggjd.cnstock.com/company/scp_ggjd/tjd_ggkx/201609/3902785.htm 

No.10 
09-19 16:18	泰禾集团拟1.5亿参与发起设立民营银行
---> http://ggjd.cnstock.com/company/scp_ggjd/tjd_ggkx/201609/3902782.htm 

No.11 
09-19 15:54	厦门港务披露台风影响：不会造成较大经济损失
---> http://ggjd.cnstock.com/company/scp_ggjd/tjd_ggkx/201609/3902768.htm 

No.12 
09-19 13:19	彩虹精化拟7200万元出售控股子公司
---> http://ggjd.cnstock.com/company/scp_ggjd/tjd_ggkx/201609/3902615.htm 

No.13 
09-19 13:07	兴业证券再向欣泰电气索赔约4000万元
---> http://ggjd.cnstock.com/company/scp_ggjd/tjd_ggkx/201609/3902590.htm 

No.14 
09-19 13:03	沙钢股份拟收购大数据公司
---> http://ggjd.cnstock.com/company/scp_ggjd/tjd_ggkx/201609/3902586.htm 

No.15 
09-19 12:59	远望谷拟筹划非公开发行股票事项
---> http://ggjd.cnstock.com/company/scp_ggjd/tjd_ggkx/201609/3902584.htm 

No.16 
09-19 12:53	太阳纸业拟筹划非公开发行股票事项
---> http://ggjd.cnstock.com/company/scp_ggjd/tjd_ggkx/201609/3902580.htm 

No.17 
09-19 12:46	科林环保停牌 拟变更实控人
---> http://ggjd.cnstock.com/company/scp_ggjd/tjd_ggkx/201609/3902578.htm 

No.18 
09-19 12:42	南通锻压调整重组方案 缩小标的范围和配套募资额
---> http://ggjd.cnstock.com/company/scp_ggjd/tjd_ggkx/201609/3902575.htm 

No.19 
09-19 12:36	华东重机或终止跨界收购文化传媒公司
---> http://ggjd.cnstock.com/company/scp_ggjd/tjd_ggkx/201609/3902574.htm 

No.20 
09-19 12:24	同花顺披露重大诉讼进展
---> http://ggjd.cnstock.com/company/scp_ggjd/tjd_ggkx/201609/3902570.htm 

No.21 
09-19 12:21	台风“莫兰蒂”冲击 万里石受灾严重
---> http://ggjd.cnstock.com/company/scp_ggjd/tjd_ggkx/201609/3902569.htm 

No.22 
09-19 12:13	中钨高新重组方案获国资委批复
---> http://ggjd.cnstock.com/company/scp_ggjd/tjd_ggkx/201609/3902567.htm 

No.23 
09-19 09:27	东方明珠拟实施股权激励计划
---> http://ggjd.cnstock.com/company/scp_ggjd/tjd_ggkx/201609/3902325.htm 

No.24 
09-19 09:27	伊利股份等11公司临停 拟披露重大事项
---> http://ggjd.cnstock.com/company/scp_ggjd/tjd_ggkx/201609/3902326.htm 

No.25 
09-19 09:12	深华发A收到证监会行政处罚事先告知书
---> http://ggjd.cnstock.com/company/scp_ggjd/tjd_ggkx/201609/3902277.htm 

No.26 
09-19 09:02	易华录预中标“智慧蓬莱”PPP项目
---> http://ggjd.cnstock.com/company/scp_ggjd/tjd_ggkx/201609/3902240.htm 

No.27 
09-19 09:01	伊利股份临停 拟筹划重大事项
---> http://ggjd.cnstock.com/company/scp_ggjd/tjd_ggkx/201609/3902235.htm 

No.28 
09-19 08:51	奥维通信将继续推进重大资产重组
---> http://ggjd.cnstock.com/company/scp_ggjd/tjd_ggkx/201609/3902209.htm 

No.29 
09-19 08:49	GQY视讯拟增资子公司拓展AR业务
---> http://ggjd.cnstock.com/company/scp_ggjd/tjd_ggkx/201609/3902200.htm 

No.30 
09-19 08:48	兄弟科技实控人整合重点原材料企业重庆民丰
---> http://ggjd.cnstock.com/company/scp_ggjd/tjd_ggkx/201609/3902199.htm 

No.31 
09-18 17:15	沪深两市公司重要公告集锦
---> http://ggjd.cnstock.com/company/scp_ggjd/tjd_tt/201609/3901652.htm 

No.32 
09-18 20:21	奥维通信并购重组申请未获证监会通过
---> http://ggjd.cnstock.com/company/scp_ggjd/tjd_ggkx/201609/3901804.htm 

No.33 
09-18 20:04	湘潭电化控股股东减持公司股份
---> http://ggjd.cnstock.com/company/scp_ggjd/tjd_ggkx/201609/3901800.htm 

No.34 
09-18 19:52	嘉欣丝绸拟募资近4亿发展智能化及物流项目
---> http://ggjd.cnstock.com/company/scp_ggjd/tjd_ggkx/201609/3901798.htm 

No.35 
09-18 19:30	爱康科技拟9.6亿元收购爱康光电
---> http://ggjd.cnstock.com/company/scp_ggjd/tjd_ggkx/201609/3901796.htm 

No.36 
09-18 19:08	阳光保险举牌伊利股份
---> http://ggjd.cnstock.com/company/scp_ggjd/tjd_ggkx/201609/3901794.htm 

No.37 
09-14 19:33	中国电建前8月新签合同总额同比增长19%
---> http://ggjd.cnstock.com/company/scp_ggjd/tjd_ggkx/201609/3901677.htm 

No.38 
09-14 19:25	三一重工首期员工持股计划完成股票购买
---> http://ggjd.cnstock.com/company/scp_ggjd/tjd_ggkx/201609/3901676.htm 

No.39 
09-14 19:19	新力金融拟23.8亿并购第三方支付业务资产
---> http://ggjd.cnstock.com/company/scp_ggjd/tjd_ggkx/201609/3901673.htm 

No.40 
09-14 19:10	综艺股份19日起停牌 拟终止重大资产重组
---> http://ggjd.cnstock.com/company/scp_ggjd/tjd_ggkx/201609/3901670.htm 

No.41 
09-14 19:03	南山铝业并购重组获无条件通过 19日复牌
---> http://ggjd.cnstock.com/company/scp_ggjd/tjd_ggkx/201609/3901669.htm 

No.42 
09-14 18:59	九鼎投资拟大幅下调定增募资规模至15亿元
---> http://ggjd.cnstock.com/company/scp_ggjd/tjd_ggkx/201609/3901667.htm 

No.43 
09-14 18:29	永泰能源控股股东近期减持近4.28亿股
---> http://ggjd.cnstock.com/company/scp_ggjd/tjd_ggkx/201609/3901663.htm 

No.44 
09-14 18:05	龙建股份中标8222万元工程项目
---> http://ggjd.cnstock.com/company/scp_ggjd/tjd_ggkx/201609/3901651.htm 

No.45 
09-14 17:50	迪森股份控股股东减持1000万股
---> http://ggjd.cnstock.com/company/scp_ggjd/tjd_ggkx/201609/3901642.htm 

No.46 
09-14 17:41	兰石重装签订10亿元EPC工程总承包合同
---> http://ggjd.cnstock.com/company/scp_ggjd/tjd_ggkx/201609/3901639.htm 

No.47 
09-14 17:32	网宿科技实控人陈宝珍拟减持至多700万股
---> http://ggjd.cnstock.com/company/scp_ggjd/tjd_ggkx/201609/3901635.htm 

No.48 
09-14 17:13	安控科技拟推2200万股限制性股票激励计划
---> http://ggjd.cnstock.com/company/scp_ggjd/tjd_ggkx/201609/3901619.htm 

No.49 
09-14 17:04	博通股份19日复牌 终止重大资产重组事项
---> http://ggjd.cnstock.com/company/scp_ggjd/tjd_ggkx/201609/3901615.htm 

No.50 
09-14 16:56	麦捷科技两股东合计减持逾490万股
---> http://ggjd.cnstock.com/company/scp_ggjd/tjd_ggkx/201609/3901613.htm 

No.51 
09-14 16:49	吴通控股实际控制人减持公司600万股
---> http://ggjd.cnstock.com/company/scp_ggjd/tjd_ggkx/201609/3901609.htm 

No.52 
09-14 16:38	先锋新材拟11.8亿收购实控人旗下海外乳业资产
---> http://ggjd.cnstock.com/company/scp_ggjd/tjd_ggkx/201609/3901606.htm 

No.53 
09-14 16:01	神雾环保实控人及高管等减持股份
---> http://ggjd.cnstock.com/company/scp_ggjd/tjd_ggkx/201609/3901582.htm 

No.54 
09-14 15:49	方直科技定增申请获得证监会审核通过
---> http://ggjd.cnstock.com/company/scp_ggjd/tjd_ggkx/201609/3901566.htm 

No.55 
09-14 13:04	首航节能午后临停 拟披露重大事项
---> http://ggjd.cnstock.com/company/scp_ggjd/tjd_ggkx/201609/3901303.htm 

No.56 
09-14 13:03	京基回复问询 康达尔称与事实严重不符
---> http://ggjd.cnstock.com/company/scp_ggjd/tjd_ggkx/201609/3901300.htm 

No.57 
09-14 12:36	唐人神拟1.6亿收购比利美英伟51%股权
---> http://ggjd.cnstock.com/company/scp_ggjd/tjd_ggkx/201609/3901299.htm 

No.58 
09-14 12:23	*ST宇顺第三次挂牌转让雅视科技股权
---> http://ggjd.cnstock.com/company/scp_ggjd/tjd_ggkx/201609/3901292.htm 

No.59 
09-14 12:11	中钢天源重组方案获国资委批复
---> http://ggjd.cnstock.com/company/scp_ggjd/tjd_ggkx/201609/3901288.htm 

No.60 
09-14 12:09	智光电气携手中国二十冶共拓基建市场
---> http://ggjd.cnstock.com/company/scp_ggjd/tjd_ggkx/201609/3901286.htm 

No.61 
09-14 12:07	深深房A临停 控股股东拟筹划重大事项
---> http://ggjd.cnstock.com/company/scp_ggjd/tjd_ggkx/201609/3901285.htm 

No.62 
09-14 12:03	佰利联上调钛白粉国内外销售价格
---> http://ggjd.cnstock.com/company/scp_ggjd/tjd_ggkx/201609/3901283.htm 

No.63 
09-14 12:02	招商蛇口被纳入恒生A股100强指数成份股
---> http://ggjd.cnstock.com/company/scp_ggjd/tjd_ggkx/201609/3901282.htm 

No.64 
09-14 09:29	7公司临停 深深房A等拟披露重大事项
---> http://ggjd.cnstock.com/company/scp_ggjd/tjd_ggkx/201609/3901030.htm 

No.65 
09-14 09:12	浩云科技第三季度业绩有望增长18倍
---> http://ggjd.cnstock.com/company/scp_ggjd/tjd_ggkx/201609/3900968.htm 

No.66 
09-14 08:53	深华发等遭深圳万科提起仲裁 涉案金额4.6亿
---> http://ggjd.cnstock.com/company/scp_ggjd/tjd_ggkx/201609/3900866.htm 

No.67 
09-13 22:49	9月13日晚间两市公司重要公告集锦
---> http://ggjd.cnstock.com/company/scp_ggjd/tjd_tt/201609/3900419.htm 

No.68 
09-13 22:48	完美世界拟13.5亿收购影视院线资产
---> http://ggjd.cnstock.com/company/scp_ggjd/tjd_ggkx/201609/3900523.htm 

No.69 
09-13 22:35	金科股份再获实际控制人增持687万股
---> http://ggjd.cnstock.com/company/scp_ggjd/tjd_ggkx/201609/3900520.htm 

No.70 
09-13 21:03	英飞拓拟募资6.85亿元收购普菲特100%股权
---> http://ggjd.cnstock.com/company/scp_ggjd/tjd_ggkx/201609/3900506.htm 

No.71 
09-13 20:50	老百姓拟4.35亿收购两家子公司少数股东股权
---> http://ggjd.cnstock.com/company/scp_ggjd/tjd_ggkx/201609/3900502.htm 

No.72 
09-13 20:27	*ST盈方股东舜元投资持股比例降至5%以下
---> http://ggjd.cnstock.com/company/scp_ggjd/tjd_ggkx/201609/3900496.htm 

No.73 
09-13 20:24	上峰水泥再获控股股东增持近590万股
---> http://ggjd.cnstock.com/company/scp_ggjd/tjd_ggkx/201609/3900494.htm 

No.74 
09-13 20:12	沙隆达A拟185亿收购全球第七大农药生产商
---> http://ggjd.cnstock.com/company/scp_ggjd/tjd_ggkx/201609/3900489.htm 

No.75 
09-13 19:39	宏润建设拟募资12亿元投建中兴大桥PPP项目
---> http://ggjd.cnstock.com/company/scp_ggjd/tjd_ggkx/201609/3900475.htm 

No.76 
09-13 19:33	中国中冶前8月累计新签合同额同比增长23.4%
---> http://ggjd.cnstock.com/company/scp_ggjd/tjd_ggkx/201609/3900474.htm 

No.77 
09-13 19:22	物产中大拟出资4亿元参与发起设立保险公司
---> http://ggjd.cnstock.com/company/scp_ggjd/tjd_ggkx/201609/3900469.htm 

No.78 
09-13 19:20	吉艾科技控股股东黄文帜减持5%公司股份
---> http://ggjd.cnstock.com/company/scp_ggjd/tjd_ggkx/201609/3900467.htm 

No.79 
09-13 19:12	中国化学前8月累计新签合同额361.23亿元
---> http://ggjd.cnstock.com/company/scp_ggjd/tjd_ggkx/201609/3900460.htm 

No.80 
09-13 19:08	隆基股份中标中广核太阳能10亿元组件采购项目
---> http://ggjd.cnstock.com/company/scp_ggjd/tjd_ggkx/201609/3900455.htm 

No.81 
09-13 19:02	利亚德控股股东减持691.82万股公司股份
---> http://ggjd.cnstock.com/company/scp_ggjd/tjd_ggkx/201609/3900454.htm 

No.82 
09-13 18:59	三峡水利获长江三峡集团旗下两公司举牌
---> http://ggjd.cnstock.com/company/scp_ggjd/tjd_ggkx/201609/3900452.htm 

No.83 
09-13 18:42	四川双马14日起停牌自查
---> http://ggjd.cnstock.com/company/scp_ggjd/tjd_ggkx/201609/3900442.htm 

No.84 
09-13 18:14	凯撒股份14日起更名为“凯撒文化”
---> http://ggjd.cnstock.com/company/scp_ggjd/tjd_ggkx/201609/3900416.htm 

No.85 
09-13 18:11	博世科拟启动定增询价工作 14日起停牌
---> http://ggjd.cnstock.com/company/scp_ggjd/tjd_ggkx/201609/3900415.htm 

No.86 
09-13 18:08	*ST济柴14日复牌 拟获注755亿元金融资产
---> http://ggjd.cnstock.com/company/scp_ggjd/tjd_ggkx/201609/3900413.htm 

No.87 
09-13 17:59	强力新材14日起停牌 拟筹划定增事项
---> http://ggjd.cnstock.com/company/scp_ggjd/tjd_ggkx/201609/3900410.htm 

No.88 
09-13 17:58	合纵科技14日起停牌 拟筹划重大事项
---> http://ggjd.cnstock.com/company/scp_ggjd/tjd_ggkx/201609/3900406.htm 

No.89 
09-13 17:56	天山股份拟筹划定增事项 14日起停牌
---> http://ggjd.cnstock.com/company/scp_ggjd/tjd_ggkx/201609/3900403.htm 

No.90 
09-13 17:53	中海海盛拟斥资5000万元回购股份
---> http://ggjd.cnstock.com/company/scp_ggjd/tjd_ggkx/201609/3900401.htm 

